1645578943090	geckodriver	INFO	Listening on 127.0.0.1:58471
1645578943540	mozrunner::runner	INFO	Running command: "/Applications/Firefox.app/Contents/MacOS/firefox-bin" "--marionette" "--remote-debugging-port" "58472" "-foreground" "-no-remote" "-profile" "/var/folders/j2/syyvq2tx6lv6t5hy1_8gdp080000gn/T/rust_mozprofilerSDKos"
1645578968946	Marionette	INFO	Marionette enabled
2022-02-23 06:46:09.851 firefox-bin[10737:227277] Warning: Expected min height of view: (<NSButton: 0x11d92a000>) to be less than or equal to 30 but got a height of 32.000000. This error will be logged once per view in violation.
2022-02-23 06:46:09.851 firefox-bin[10737:227277] Warning: Expected min height of view: (<NSButton: 0x11d950400>) to be less than or equal to 30 but got a height of 32.000000. This error will be logged once per view in violation.
2022-02-23 06:46:09.852 firefox-bin[10737:227277] Warning: Expected min height of view: (<NSButton: 0x11d953800>) to be less than or equal to 30 but got a height of 32.000000. This error will be logged once per view in violation.
2022-02-23 06:46:09.852 firefox-bin[10737:227277] Warning: Expected min height of view: (<NSButton: 0x11d952c00>) to be less than or equal to 30 but got a height of 32.000000. This error will be logged once per view in violation.
2022-02-23 06:46:09.852 firefox-bin[10737:227277] Warning: Expected min height of view: (<NSButton: 0x11d94f400>) to be less than or equal to 30 but got a height of 32.000000. This error will be logged once per view in violation.
2022-02-23 06:46:09.853 firefox-bin[10737:227277] Warning: Expected min height of view: (<NSPopoverTouchBarItemButton: 0x11d956400>) to be less than or equal to 30 but got a height of 32.000000. This error will be logged once per view in violation.
2022-02-23 06:46:09.853 firefox-bin[10737:227277] Warning: Expected min height of view: (<NSPopoverTouchBarItemButton: 0x11d4f5400>) to be less than or equal to 30 but got a height of 32.000000. This error will be logged once per view in violation.
console.warn: SearchSettings: "get: No settings file exists, new profile?" (new NotFoundError("Could not open the file at /var/folders/j2/syyvq2tx6lv6t5hy1_8gdp080000gn/T/rust_mozprofilerSDKos/search.json.mozlz4", (void 0)))
console.error: BackgroundUpdate: 
  _reasonsToNotScheduleUpdates: Failed to check for Maintenance Service Registry Key: [Exception... "Component returned failure code: 0x80004001 (NS_ERROR_NOT_IMPLEMENTED) [nsIUpdateProcessor.getServiceRegKeyExists]"  nsresult: "0x80004001 (NS_ERROR_NOT_IMPLEMENTED)"  location: "JS frame :: resource://gre/modules/BackgroundUpdate.jsm :: _reasonsToNotScheduleUpdates :: line 241"  data: no]
DevTools listening on ws://localhost:58472/devtools/browser/529e407b-d799-41f4-850a-97dfc6065fd9
1645578970851	Marionette	INFO	Listening on port 58477
1645578970901	RemoteAgent	WARN	TLS certificate errors will be ignored for this session
1645579046562	geckodriver	INFO	Listening on 127.0.0.1:58812
1645579047069	mozrunner::runner	INFO	Running command: "/Applications/Firefox.app/Contents/MacOS/firefox-bin" "--marionette" "--remote-debugging-port" "58813" "-foreground" "-no-remote" "-profile" "/var/folders/j2/syyvq2tx6lv6t5hy1_8gdp080000gn/T/rust_mozprofilecYZn3k"
1645579047429	Marionette	INFO	Marionette enabled
2022-02-23 06:47:28.046 firefox-bin[10783:228580] Warning: Expected min height of view: (<NSButton: 0x117f72c00>) to be less than or equal to 30 but got a height of 32.000000. This error will be logged once per view in violation.
2022-02-23 06:47:28.047 firefox-bin[10783:228580] Warning: Expected min height of view: (<NSButton: 0x13128a000>) to be less than or equal to 30 but got a height of 32.000000. This error will be logged once per view in violation.
2022-02-23 06:47:28.047 firefox-bin[10783:228580] Warning: Expected min height of view: (<NSButton: 0x131287c00>) to be less than or equal to 30 but got a height of 32.000000. This error will be logged once per view in violation.
2022-02-23 06:47:28.048 firefox-bin[10783:228580] Warning: Expected min height of view: (<NSButton: 0x131289000>) to be less than or equal to 30 but got a height of 32.000000. This error will be logged once per view in violation.
2022-02-23 06:47:28.048 firefox-bin[10783:228580] Warning: Expected min height of view: (<NSButton: 0x13128b800>) to be less than or equal to 30 but got a height of 32.000000. This error will be logged once per view in violation.
2022-02-23 06:47:28.048 firefox-bin[10783:228580] Warning: Expected min height of view: (<NSPopoverTouchBarItemButton: 0x13128ac00>) to be less than or equal to 30 but got a height of 32.000000. This error will be logged once per view in violation.
2022-02-23 06:47:28.049 firefox-bin[10783:228580] Warning: Expected min height of view: (<NSPopoverTouchBarItemButton: 0x116d35800>) to be less than or equal to 30 but got a height of 32.000000. This error will be logged once per view in violation.
console.warn: SearchSettings: "get: No settings file exists, new profile?" (new NotFoundError("Could not open the file at /var/folders/j2/syyvq2tx6lv6t5hy1_8gdp080000gn/T/rust_mozprofilecYZn3k/search.json.mozlz4", (void 0)))
console.error: BackgroundUpdate: 
  _reasonsToNotScheduleUpdates: Failed to check for Maintenance Service Registry Key: [Exception... "Component returned failure code: 0x80004001 (NS_ERROR_NOT_IMPLEMENTED) [nsIUpdateProcessor.getServiceRegKeyExists]"  nsresult: "0x80004001 (NS_ERROR_NOT_IMPLEMENTED)"  location: "JS frame :: resource://gre/modules/BackgroundUpdate.jsm :: _reasonsToNotScheduleUpdates :: line 241"  data: no]
DevTools listening on ws://localhost:58813/devtools/browser/34062dd7-088b-46e5-b41f-fc5d5bbcf9ad
1645579048983	Marionette	INFO	Listening on port 58818
1645579049043	RemoteAgent	WARN	TLS certificate errors will be ignored for this session
2022-02-23 06:48:01.535 firefox-bin[10783:228580] Warning: Expected min height of view: (<NSButton: 0x111595c00>) to be less than or equal to 30 but got a height of 32.000000. This error will be logged once per view in violation.
2022-02-23 06:48:01.535 firefox-bin[10783:228580] Warning: Expected min height of view: (<NSButton: 0x13175a800>) to be less than or equal to 30 but got a height of 32.000000. This error will be logged once per view in violation.
2022-02-23 06:48:01.535 firefox-bin[10783:228580] Warning: Expected min height of view: (<NSButton: 0x131756000>) to be less than or equal to 30 but got a height of 32.000000. This error will be logged once per view in violation.
2022-02-23 06:48:01.536 firefox-bin[10783:228580] Warning: Expected min height of view: (<NSButton: 0x13175b400>) to be less than or equal to 30 but got a height of 32.000000. This error will be logged once per view in violation.
2022-02-23 06:48:01.536 firefox-bin[10783:228580] Warning: Expected min height of view: (<NSButton: 0x131755000>) to be less than or equal to 30 but got a height of 32.000000. This error will be logged once per view in violation.
2022-02-23 06:48:01.536 firefox-bin[10783:228580] Warning: Expected min height of view: (<NSPopoverTouchBarItemButton: 0x13175a400>) to be less than or equal to 30 but got a height of 32.000000. This error will be logged once per view in violation.
2022-02-23 06:48:01.537 firefox-bin[10783:228580] Warning: Expected min height of view: (<NSPopoverTouchBarItemButton: 0x132447c00>) to be less than or equal to 30 but got a height of 32.000000. This error will be logged once per view in violation.
1645579084177	Marionette	INFO	Stopped listening on port 58818
JavaScript error: chrome://remote/content/marionette/cert.js, line 55: NS_ERROR_NOT_AVAILABLE: Component returned failure code: 0x80040111 (NS_ERROR_NOT_AVAILABLE) [nsICertOverrideService.setDisableAllSecurityChecksAndLetAttackersInterceptMyData]

###!!! [Parent][PImageBridgeParent] Error: RunMessage(msgname=PImageBridge::Msg_WillClose) Channel closing: too late to send/recv, messages will be lost

1645579087116	Marionette	INFO	Stopped listening on port 58477
JavaScript error: chrome://remote/content/marionette/cert.js, line 55: NS_ERROR_NOT_AVAILABLE: Component returned failure code: 0x80040111 (NS_ERROR_NOT_AVAILABLE) [nsICertOverrideService.setDisableAllSecurityChecksAndLetAttackersInterceptMyData]
1645579167850	geckodriver	INFO	Listening on 127.0.0.1:58915
1645579168363	mozrunner::runner	INFO	Running command: "/Applications/Firefox.app/Contents/MacOS/firefox-bin" "--marionette" "--remote-debugging-port" "58916" "-foreground" "-no-remote" "-profile" "/var/folders/j2/syyvq2tx6lv6t5hy1_8gdp080000gn/T/rust_mozprofiledjMmNT"
1645579168862	Marionette	INFO	Marionette enabled
2022-02-23 06:49:29.626 firefox-bin[10829:230012] Warning: Expected min height of view: (<NSButton: 0x118cddc00>) to be less than or equal to 30 but got a height of 32.000000. This error will be logged once per view in violation.
2022-02-23 06:49:29.626 firefox-bin[10829:230012] Warning: Expected min height of view: (<NSButton: 0x119b1fc00>) to be less than or equal to 30 but got a height of 32.000000. This error will be logged once per view in violation.
2022-02-23 06:49:29.626 firefox-bin[10829:230012] Warning: Expected min height of view: (<NSButton: 0x119b1e400>) to be less than or equal to 30 but got a height of 32.000000. This error will be logged once per view in violation.
2022-02-23 06:49:29.627 firefox-bin[10829:230012] Warning: Expected min height of view: (<NSButton: 0x119b24400>) to be less than or equal to 30 but got a height of 32.000000. This error will be logged once per view in violation.
2022-02-23 06:49:29.627 firefox-bin[10829:230012] Warning: Expected min height of view: (<NSButton: 0x119b1e800>) to be less than or equal to 30 but got a height of 32.000000. This error will be logged once per view in violation.
2022-02-23 06:49:29.627 firefox-bin[10829:230012] Warning: Expected min height of view: (<NSPopoverTouchBarItemButton: 0x119b24000>) to be less than or equal to 30 but got a height of 32.000000. This error will be logged once per view in violation.
2022-02-23 06:49:29.628 firefox-bin[10829:230012] Warning: Expected min height of view: (<NSPopoverTouchBarItemButton: 0x116f9c800>) to be less than or equal to 30 but got a height of 32.000000. This error will be logged once per view in violation.
console.warn: SearchSettings: "get: No settings file exists, new profile?" (new NotFoundError("Could not open the file at /var/folders/j2/syyvq2tx6lv6t5hy1_8gdp080000gn/T/rust_mozprofiledjMmNT/search.json.mozlz4", (void 0)))
console.error: BackgroundUpdate: 
  _reasonsToNotScheduleUpdates: Failed to check for Maintenance Service Registry Key: [Exception... "Component returned failure code: 0x80004001 (NS_ERROR_NOT_IMPLEMENTED) [nsIUpdateProcessor.getServiceRegKeyExists]"  nsresult: "0x80004001 (NS_ERROR_NOT_IMPLEMENTED)"  location: "JS frame :: resource://gre/modules/BackgroundUpdate.jsm :: _reasonsToNotScheduleUpdates :: line 241"  data: no]
DevTools listening on ws://localhost:58916/devtools/browser/c0c675ab-d0cc-4f70-aa56-ccc3e71a0de5
1645579170573	Marionette	INFO	Listening on port 58921
1645579170659	RemoteAgent	WARN	TLS certificate errors will be ignored for this session
SourceActor threw an exception: [Exception... "Component returned failure code: 0x80470002 (NS_BASE_STREAM_CLOSED) [nsIInputStream.available]"  nsresult: "0x80470002 (NS_BASE_STREAM_CLOSED)"  location: "JS frame :: resource://devtools/shared/DevToolsUtils.js :: onResponse :: line 567"  data: no]
Stack: onResponse@resource://devtools/shared/DevToolsUtils.js:567:34
onStopRequest@resource://gre/modules/NetUtil.jsm:128:18
Line: 567, column: 0
console.error: ({})
JavaScript error: resource://devtools/shared/DevToolsUtils.js, line 567: NS_BASE_STREAM_CLOSED: Component returned failure code: 0x80470002 (NS_BASE_STREAM_CLOSED) [nsIInputStream.available]
SourceActor threw an exception: [Exception... "Component returned failure code: 0x80470002 (NS_BASE_STREAM_CLOSED) [nsIInputStream.available]"  nsresult: "0x80470002 (NS_BASE_STREAM_CLOSED)"  location: "JS frame :: resource://devtools/shared/DevToolsUtils.js :: onResponse :: line 567"  data: no]
Stack: onResponse@resource://devtools/shared/DevToolsUtils.js:567:34
onStopRequest@resource://gre/modules/NetUtil.jsm:128:18
Line: 567, column: 0
console.error: ({})
JavaScript error: resource://devtools/shared/DevToolsUtils.js, line 567: NS_BASE_STREAM_CLOSED: Component returned failure code: 0x80470002 (NS_BASE_STREAM_CLOSED) [nsIInputStream.available]
JavaScript error: https://fdyn.pubwise.io/script/8e8b7267-5938-41ec-b047-b7e985fc9645/v3/dyn/pws.js?type=default, line 1151: TypeError: s is undefined
JavaScript warning: https://pagead2.googlesyndication.com/bg/RTAFWjK1oaY5MR175eart5uncqyuFBD5-f7_3Cl3Idw.js line 1 > eval line 62 > eval line 1 > eval line 1 > eval, line 1: WEBGL_debug_renderer_info is deprecated in Firefox and will be removed. Please use RENDERER.
JavaScript warning: https://pagead2.googlesyndication.com/bg/RTAFWjK1oaY5MR175eart5uncqyuFBD5-f7_3Cl3Idw.js line 1 > eval line 6006 > eval line 1 > eval line 1 > eval, line 1: WEBGL_debug_renderer_info is deprecated in Firefox and will be removed. Please use RENDERER.
JavaScript warning: https://pagead2.googlesyndication.com/bg/RTAFWjK1oaY5MR175eart5uncqyuFBD5-f7_3Cl3Idw.js line 1 > eval line 6378 > eval line 1 > eval line 1 > eval, line 1: WEBGL_debug_renderer_info is deprecated in Firefox and will be removed. Please use RENDERER.
JavaScript error: https://www.swinburne.edu.au/professional/individual-learning/, line 1: SyntaxError: expected expression, got '<'
JavaScript error: https://www.swinburne.edu.au/professional/individual-learning/, line 1: SyntaxError: expected expression, got '<'
1645579267402	Marionette	WARN	Ignoring event 'pageshow' because document has an invalid readyState of 'uninitialized'.
JavaScript error: , line 0: TypeError: NetworkError when attempting to fetch resource.
JavaScript error: , line 0: TypeError: NetworkError when attempting to fetch resource.
JavaScript error: , line 0: TypeError: NetworkError when attempting to fetch resource.
JavaScript error: , line 0: TypeError: NetworkError when attempting to fetch resource.
JavaScript error: https://script.crazyegg.com/pages/scripts/0085/1990.js, line 1: Error: CE: multiple userscripts installed
console.warn: LoginRecipes: "getRecipes: falling back to a synchronous message for:" "https://www.google.com"
1645579757455	Marionette	INFO	Stopped listening on port 58921
JavaScript error: , line 0: NotFoundError: No such JSWindowActor 'DevToolsFrame'
JavaScript error: chrome://remote/content/marionette/cert.js, line 55: NS_ERROR_NOT_AVAILABLE: Component returned failure code: 0x80040111 (NS_ERROR_NOT_AVAILABLE) [nsICertOverrideService.setDisableAllSecurityChecksAndLetAttackersInterceptMyData]

###!!! [Parent][PContentParent] Error: Send(msgname=PContent::Reply_DiscardBrowsingContext) Closed channel: cannot send/recv


###!!! [Parent][PContentParent] Error: Send(msgname=PContent::Reply_DiscardBrowsingContext) Closed channel: cannot send/recv


###!!! [Parent][PContentParent] Error: Send(msgname=PContent::Reply_DiscardBrowsingContext) Closed channel: cannot send/recv


###!!! [Parent][PContentParent] Error: Send(msgname=PContent::Reply_DiscardBrowsingContext) Closed channel: cannot send/recv


###!!! [Parent][PContentParent] Error: Send(msgname=PContent::Reply_DiscardBrowsingContext) Closed channel: cannot send/recv


###!!! [Parent][PContentParent] Error: Send(msgname=PContent::Reply_DiscardBrowsingContext) Closed channel: cannot send/recv


###!!! [Parent][PContentParent] Error: Send(msgname=PContent::Reply_DiscardBrowsingContext) Closed channel: cannot send/recv


###!!! [Parent][PContentParent] Error: Send(msgname=PContent::Msg_DestroyBrowsingContextGroup) Closed channel: cannot send/recv


###!!! [Parent][PImageBridgeParent] Error: RunMessage(msgname=PImageBridge::Msg_WillClose) Channel closing: too late to send/recv, messages will be lost

1645579761199	geckodriver	INFO	Listening on 127.0.0.1:59495
1645579761720	mozrunner::runner	INFO	Running command: "/Applications/Firefox.app/Contents/MacOS/firefox-bin" "--marionette" "--remote-debugging-port" "59496" "-foreground" "-no-remote" "-profile" "/var/folders/j2/syyvq2tx6lv6t5hy1_8gdp080000gn/T/rust_mozprofileflgsBU"
1645579762136	Marionette	INFO	Marionette enabled
2022-02-23 06:59:22.745 firefox-bin[10975:235457] Warning: Expected min height of view: (<NSButton: 0x119b66c00>) to be less than or equal to 30 but got a height of 32.000000. This error will be logged once per view in violation.
2022-02-23 06:59:22.745 firefox-bin[10975:235457] Warning: Expected min height of view: (<NSButton: 0x132e95000>) to be less than or equal to 30 but got a height of 32.000000. This error will be logged once per view in violation.
2022-02-23 06:59:22.745 firefox-bin[10975:235457] Warning: Expected min height of view: (<NSButton: 0x132e9a800>) to be less than or equal to 30 but got a height of 32.000000. This error will be logged once per view in violation.
2022-02-23 06:59:22.746 firefox-bin[10975:235457] Warning: Expected min height of view: (<NSButton: 0x132e96c00>) to be less than or equal to 30 but got a height of 32.000000. This error will be logged once per view in violation.
2022-02-23 06:59:22.746 firefox-bin[10975:235457] Warning: Expected min height of view: (<NSButton: 0x132e94c00>) to be less than or equal to 30 but got a height of 32.000000. This error will be logged once per view in violation.
2022-02-23 06:59:22.746 firefox-bin[10975:235457] Warning: Expected min height of view: (<NSPopoverTouchBarItemButton: 0x132e97000>) to be less than or equal to 30 but got a height of 32.000000. This error will be logged once per view in violation.
2022-02-23 06:59:22.747 firefox-bin[10975:235457] Warning: Expected min height of view: (<NSPopoverTouchBarItemButton: 0x118b92c00>) to be less than or equal to 30 but got a height of 32.000000. This error will be logged once per view in violation.
console.warn: SearchSettings: "get: No settings file exists, new profile?" (new NotFoundError("Could not open the file at /var/folders/j2/syyvq2tx6lv6t5hy1_8gdp080000gn/T/rust_mozprofileflgsBU/search.json.mozlz4", (void 0)))
console.error: BackgroundUpdate: 
  _reasonsToNotScheduleUpdates: Failed to check for Maintenance Service Registry Key: [Exception... "Component returned failure code: 0x80004001 (NS_ERROR_NOT_IMPLEMENTED) [nsIUpdateProcessor.getServiceRegKeyExists]"  nsresult: "0x80004001 (NS_ERROR_NOT_IMPLEMENTED)"  location: "JS frame :: resource://gre/modules/BackgroundUpdate.jsm :: _reasonsToNotScheduleUpdates :: line 241"  data: no]
DevTools listening on ws://localhost:59496/devtools/browser/f58c3c18-52b9-45a5-ae95-6e0d059dcb1c
1645579763625	Marionette	INFO	Listening on port 59501
1645579763700	RemoteAgent	WARN	TLS certificate errors will be ignored for this session
1645579772318	Marionette	INFO	Stopped listening on port 59501
JavaScript error: chrome://remote/content/marionette/cert.js, line 55: NS_ERROR_NOT_AVAILABLE: Component returned failure code: 0x80040111 (NS_ERROR_NOT_AVAILABLE) [nsICertOverrideService.setDisableAllSecurityChecksAndLetAttackersInterceptMyData]

###!!! [Parent][PImageBridgeParent] Error: RunMessage(msgname=PImageBridge::Msg_WillClose) Channel closing: too late to send/recv, messages will be lost

1645579879376	geckodriver	INFO	Listening on 127.0.0.1:59640
1645579879892	mozrunner::runner	INFO	Running command: "/Applications/Firefox.app/Contents/MacOS/firefox-bin" "--marionette" "--remote-debugging-port" "59641" "-foreground" "-no-remote" "-profile" "/var/folders/j2/syyvq2tx6lv6t5hy1_8gdp080000gn/T/rust_mozprofile7w5Ltz"
1645579880424	Marionette	INFO	Marionette enabled
2022-02-23 07:01:21.187 firefox-bin[11063:237617] Warning: Expected min height of view: (<NSButton: 0x11bcd2000>) to be less than or equal to 30 but got a height of 32.000000. This error will be logged once per view in violation.
2022-02-23 07:01:21.188 firefox-bin[11063:237617] Warning: Expected min height of view: (<NSButton: 0x11be36400>) to be less than or equal to 30 but got a height of 32.000000. This error will be logged once per view in violation.
2022-02-23 07:01:21.188 firefox-bin[11063:237617] Warning: Expected min height of view: (<NSButton: 0x11be33400>) to be less than or equal to 30 but got a height of 32.000000. This error will be logged once per view in violation.
2022-02-23 07:01:21.188 firefox-bin[11063:237617] Warning: Expected min height of view: (<NSButton: 0x11be34400>) to be less than or equal to 30 but got a height of 32.000000. This error will be logged once per view in violation.
2022-02-23 07:01:21.189 firefox-bin[11063:237617] Warning: Expected min height of view: (<NSButton: 0x11be32c00>) to be less than or equal to 30 but got a height of 32.000000. This error will be logged once per view in violation.
2022-02-23 07:01:21.189 firefox-bin[11063:237617] Warning: Expected min height of view: (<NSPopoverTouchBarItemButton: 0x11be33800>) to be less than or equal to 30 but got a height of 32.000000. This error will be logged once per view in violation.
2022-02-23 07:01:21.189 firefox-bin[11063:237617] Warning: Expected min height of view: (<NSPopoverTouchBarItemButton: 0x11925fc00>) to be less than or equal to 30 but got a height of 32.000000. This error will be logged once per view in violation.
console.warn: SearchSettings: "get: No settings file exists, new profile?" (new NotFoundError("Could not open the file at /var/folders/j2/syyvq2tx6lv6t5hy1_8gdp080000gn/T/rust_mozprofile7w5Ltz/search.json.mozlz4", (void 0)))
console.error: BackgroundUpdate: 
  _reasonsToNotScheduleUpdates: Failed to check for Maintenance Service Registry Key: [Exception... "Component returned failure code: 0x80004001 (NS_ERROR_NOT_IMPLEMENTED) [nsIUpdateProcessor.getServiceRegKeyExists]"  nsresult: "0x80004001 (NS_ERROR_NOT_IMPLEMENTED)"  location: "JS frame :: resource://gre/modules/BackgroundUpdate.jsm :: _reasonsToNotScheduleUpdates :: line 241"  data: no]
DevTools listening on ws://localhost:59641/devtools/browser/01b8bbab-dfba-40bf-9f30-e04866ec0f04
1645579882149	Marionette	INFO	Listening on port 59647
1645579882195	RemoteAgent	WARN	TLS certificate errors will be ignored for this session
console.warn: LoginRecipes: "getRecipes: falling back to a synchronous message for:" "https://www.instagram.com"
SourceActor threw an exception: [Exception... "Component returned failure code: 0x80470002 (NS_BASE_STREAM_CLOSED) [nsIInputStream.available]"  nsresult: "0x80470002 (NS_BASE_STREAM_CLOSED)"  location: "JS frame :: resource://devtools/shared/DevToolsUtils.js :: onResponse :: line 567"  data: no]
Stack: onResponse@resource://devtools/shared/DevToolsUtils.js:567:34
onStopRequest@resource://gre/modules/NetUtil.jsm:128:18
Line: 567, column: 0
console.error: ({})
JavaScript error: resource://devtools/shared/DevToolsUtils.js, line 567: NS_BASE_STREAM_CLOSED: Component returned failure code: 0x80470002 (NS_BASE_STREAM_CLOSED) [nsIInputStream.available]
SourceActor threw an exception: [Exception... "Component returned failure code: 0x80470002 (NS_BASE_STREAM_CLOSED) [nsIInputStream.available]"  nsresult: "0x80470002 (NS_BASE_STREAM_CLOSED)"  location: "JS frame :: resource://devtools/shared/DevToolsUtils.js :: onResponse :: line 567"  data: no]
Stack: onResponse@resource://devtools/shared/DevToolsUtils.js:567:34
onStopRequest@resource://gre/modules/NetUtil.jsm:128:18
Line: 567, column: 0
console.error: ({})
JavaScript error: resource://devtools/shared/DevToolsUtils.js, line 567: NS_BASE_STREAM_CLOSED: Component returned failure code: 0x80470002 (NS_BASE_STREAM_CLOSED) [nsIInputStream.available]
1645579939167	Marionette	INFO	Stopped listening on port 59647
JavaScript error: , line 0: NotFoundError: No such JSWindowActor 'DevToolsFrame'
JavaScript error: chrome://remote/content/marionette/cert.js, line 55: NS_ERROR_NOT_AVAILABLE: Component returned failure code: 0x80040111 (NS_ERROR_NOT_AVAILABLE) [nsICertOverrideService.setDisableAllSecurityChecksAndLetAttackersInterceptMyData]

###!!! [Parent][PImageBridgeParent] Error: RunMessage(msgname=PImageBridge::Msg_WillClose) Channel closing: too late to send/recv, messages will be lost

1645579968656	geckodriver	INFO	Listening on 127.0.0.1:59736
1645579969182	mozrunner::runner	INFO	Running command: "/Applications/Firefox.app/Contents/MacOS/firefox-bin" "--marionette" "--remote-debugging-port" "59737" "-foreground" "-no-remote" "-profile" "/var/folders/j2/syyvq2tx6lv6t5hy1_8gdp080000gn/T/rust_mozprofileiTZoNM"
1645579969694	Marionette	INFO	Marionette enabled
2022-02-23 07:02:50.430 firefox-bin[11085:238685] Warning: Expected min height of view: (<NSButton: 0x1194db000>) to be less than or equal to 30 but got a height of 32.000000. This error will be logged once per view in violation.
2022-02-23 07:02:50.431 firefox-bin[11085:238685] Warning: Expected min height of view: (<NSButton: 0x119635000>) to be less than or equal to 30 but got a height of 32.000000. This error will be logged once per view in violation.
2022-02-23 07:02:50.431 firefox-bin[11085:238685] Warning: Expected min height of view: (<NSButton: 0x119635400>) to be less than or equal to 30 but got a height of 32.000000. This error will be logged once per view in violation.
2022-02-23 07:02:50.432 firefox-bin[11085:238685] Warning: Expected min height of view: (<NSButton: 0x119638400>) to be less than or equal to 30 but got a height of 32.000000. This error will be logged once per view in violation.
2022-02-23 07:02:50.432 firefox-bin[11085:238685] Warning: Expected min height of view: (<NSButton: 0x11963ac00>) to be less than or equal to 30 but got a height of 32.000000. This error will be logged once per view in violation.
2022-02-23 07:02:50.432 firefox-bin[11085:238685] Warning: Expected min height of view: (<NSPopoverTouchBarItemButton: 0x119635800>) to be less than or equal to 30 but got a height of 32.000000. This error will be logged once per view in violation.
2022-02-23 07:02:50.433 firefox-bin[11085:238685] Warning: Expected min height of view: (<NSPopoverTouchBarItemButton: 0x116910c00>) to be less than or equal to 30 but got a height of 32.000000. This error will be logged once per view in violation.
console.warn: SearchSettings: "get: No settings file exists, new profile?" (new NotFoundError("Could not open the file at /var/folders/j2/syyvq2tx6lv6t5hy1_8gdp080000gn/T/rust_mozprofileiTZoNM/search.json.mozlz4", (void 0)))
console.error: BackgroundUpdate: 
  _reasonsToNotScheduleUpdates: Failed to check for Maintenance Service Registry Key: [Exception... "Component returned failure code: 0x80004001 (NS_ERROR_NOT_IMPLEMENTED) [nsIUpdateProcessor.getServiceRegKeyExists]"  nsresult: "0x80004001 (NS_ERROR_NOT_IMPLEMENTED)"  location: "JS frame :: resource://gre/modules/BackgroundUpdate.jsm :: _reasonsToNotScheduleUpdates :: line 241"  data: no]
DevTools listening on ws://localhost:59737/devtools/browser/a64f373e-d3fc-43ed-9daf-418738bc5f8a
1645579971380	Marionette	INFO	Listening on port 59742
1645579971473	RemoteAgent	WARN	TLS certificate errors will be ignored for this session
1645579978848	Marionette	INFO	Stopped listening on port 59742
JavaScript error: chrome://remote/content/marionette/cert.js, line 55: NS_ERROR_NOT_AVAILABLE: Component returned failure code: 0x80040111 (NS_ERROR_NOT_AVAILABLE) [nsICertOverrideService.setDisableAllSecurityChecksAndLetAttackersInterceptMyData]
1645580079933	geckodriver	INFO	Listening on 127.0.0.1:60100
1645580080458	mozrunner::runner	INFO	Running command: "/Applications/Firefox.app/Contents/MacOS/firefox-bin" "--marionette" "--remote-debugging-port" "60101" "-foreground" "-no-remote" "-profile" "/var/folders/j2/syyvq2tx6lv6t5hy1_8gdp080000gn/T/rust_mozprofile8Ey4Va"
1645580080978	Marionette	INFO	Marionette enabled
2022-02-23 07:04:41.718 firefox-bin[11119:240147] Warning: Expected min height of view: (<NSButton: 0x11a598000>) to be less than or equal to 30 but got a height of 32.000000. This error will be logged once per view in violation.
2022-02-23 07:04:41.718 firefox-bin[11119:240147] Warning: Expected min height of view: (<NSButton: 0x1337b4000>) to be less than or equal to 30 but got a height of 32.000000. This error will be logged once per view in violation.
2022-02-23 07:04:41.719 firefox-bin[11119:240147] Warning: Expected min height of view: (<NSButton: 0x1337b7000>) to be less than or equal to 30 but got a height of 32.000000. This error will be logged once per view in violation.
2022-02-23 07:04:41.719 firefox-bin[11119:240147] Warning: Expected min height of view: (<NSButton: 0x1337b4400>) to be less than or equal to 30 but got a height of 32.000000. This error will be logged once per view in violation.
2022-02-23 07:04:41.719 firefox-bin[11119:240147] Warning: Expected min height of view: (<NSButton: 0x1337b5000>) to be less than or equal to 30 but got a height of 32.000000. This error will be logged once per view in violation.
2022-02-23 07:04:41.720 firefox-bin[11119:240147] Warning: Expected min height of view: (<NSPopoverTouchBarItemButton: 0x1337b6000>) to be less than or equal to 30 but got a height of 32.000000. This error will be logged once per view in violation.
2022-02-23 07:04:41.720 firefox-bin[11119:240147] Warning: Expected min height of view: (<NSPopoverTouchBarItemButton: 0x11a58c000>) to be less than or equal to 30 but got a height of 32.000000. This error will be logged once per view in violation.
console.warn: SearchSettings: "get: No settings file exists, new profile?" (new NotFoundError("Could not open the file at /var/folders/j2/syyvq2tx6lv6t5hy1_8gdp080000gn/T/rust_mozprofile8Ey4Va/search.json.mozlz4", (void 0)))
console.error: BackgroundUpdate: 
  _reasonsToNotScheduleUpdates: Failed to check for Maintenance Service Registry Key: [Exception... "Component returned failure code: 0x80004001 (NS_ERROR_NOT_IMPLEMENTED) [nsIUpdateProcessor.getServiceRegKeyExists]"  nsresult: "0x80004001 (NS_ERROR_NOT_IMPLEMENTED)"  location: "JS frame :: resource://gre/modules/BackgroundUpdate.jsm :: _reasonsToNotScheduleUpdates :: line 241"  data: no]
DevTools listening on ws://localhost:60101/devtools/browser/34a7c2d1-e5a9-4e5a-8dcf-b3b186eae0c1
1645580082605	Marionette	INFO	Listening on port 60106
1645580082658	RemoteAgent	WARN	TLS certificate errors will be ignored for this session
SourceActor threw an exception: [Exception... "Component returned failure code: 0x80470002 (NS_BASE_STREAM_CLOSED) [nsIInputStream.available]"  nsresult: "0x80470002 (NS_BASE_STREAM_CLOSED)"  location: "JS frame :: resource://devtools/shared/DevToolsUtils.js :: onResponse :: line 567"  data: no]
Stack: onResponse@resource://devtools/shared/DevToolsUtils.js:567:34
onStopRequest@resource://gre/modules/NetUtil.jsm:128:18
Line: 567, column: 0
console.error: ({})
JavaScript error: resource://devtools/shared/DevToolsUtils.js, line 567: NS_BASE_STREAM_CLOSED: Component returned failure code: 0x80470002 (NS_BASE_STREAM_CLOSED) [nsIInputStream.available]
SourceActor threw an exception: [Exception... "Component returned failure code: 0x80470002 (NS_BASE_STREAM_CLOSED) [nsIInputStream.available]"  nsresult: "0x80470002 (NS_BASE_STREAM_CLOSED)"  location: "JS frame :: resource://devtools/shared/DevToolsUtils.js :: onResponse :: line 567"  data: no]
Stack: onResponse@resource://devtools/shared/DevToolsUtils.js:567:34
onStopRequest@resource://gre/modules/NetUtil.jsm:128:18
Line: 567, column: 0
console.error: ({})
JavaScript error: resource://devtools/shared/DevToolsUtils.js, line 567: NS_BASE_STREAM_CLOSED: Component returned failure code: 0x80470002 (NS_BASE_STREAM_CLOSED) [nsIInputStream.available]
1645580293415	Marionette	INFO	Stopped listening on port 60106
JavaScript error: , line 0: NotFoundError: No such JSWindowActor 'DevToolsFrame'
JavaScript error: chrome://remote/content/marionette/cert.js, line 55: NS_ERROR_NOT_AVAILABLE: Component returned failure code: 0x80040111 (NS_ERROR_NOT_AVAILABLE) [nsICertOverrideService.setDisableAllSecurityChecksAndLetAttackersInterceptMyData]

###!!! [Parent][PImageBridgeParent] Error: RunMessage(msgname=PImageBridge::Msg_WillClose) Channel closing: too late to send/recv, messages will be lost

1645580314582	geckodriver	INFO	Listening on 127.0.0.1:60208
1645580315106	mozrunner::runner	INFO	Running command: "/Applications/Firefox.app/Contents/MacOS/firefox-bin" "--marionette" "--remote-debugging-port" "60209" "-foreground" "-no-remote" "-profile" "/var/folders/j2/syyvq2tx6lv6t5hy1_8gdp080000gn/T/rust_mozprofileWK7hPx"
1645580315652	Marionette	INFO	Marionette enabled
2022-02-23 07:08:36.412 firefox-bin[11174:242657] Warning: Expected min height of view: (<NSButton: 0x11c393800>) to be less than or equal to 30 but got a height of 32.000000. This error will be logged once per view in violation.
2022-02-23 07:08:36.412 firefox-bin[11174:242657] Warning: Expected min height of view: (<NSButton: 0x11de21c00>) to be less than or equal to 30 but got a height of 32.000000. This error will be logged once per view in violation.
2022-02-23 07:08:36.412 firefox-bin[11174:242657] Warning: Expected min height of view: (<NSButton: 0x11de23c00>) to be less than or equal to 30 but got a height of 32.000000. This error will be logged once per view in violation.
2022-02-23 07:08:36.413 firefox-bin[11174:242657] Warning: Expected min height of view: (<NSButton: 0x11de27000>) to be less than or equal to 30 but got a height of 32.000000. This error will be logged once per view in violation.
2022-02-23 07:08:36.413 firefox-bin[11174:242657] Warning: Expected min height of view: (<NSButton: 0x11de23400>) to be less than or equal to 30 but got a height of 32.000000. This error will be logged once per view in violation.
2022-02-23 07:08:36.413 firefox-bin[11174:242657] Warning: Expected min height of view: (<NSPopoverTouchBarItemButton: 0x11de24400>) to be less than or equal to 30 but got a height of 32.000000. This error will be logged once per view in violation.
2022-02-23 07:08:36.414 firefox-bin[11174:242657] Warning: Expected min height of view: (<NSPopoverTouchBarItemButton: 0x11c392400>) to be less than or equal to 30 but got a height of 32.000000. This error will be logged once per view in violation.
console.warn: SearchSettings: "get: No settings file exists, new profile?" (new NotFoundError("Could not open the file at /var/folders/j2/syyvq2tx6lv6t5hy1_8gdp080000gn/T/rust_mozprofileWK7hPx/search.json.mozlz4", (void 0)))
console.error: BackgroundUpdate: 
  _reasonsToNotScheduleUpdates: Failed to check for Maintenance Service Registry Key: [Exception... "Component returned failure code: 0x80004001 (NS_ERROR_NOT_IMPLEMENTED) [nsIUpdateProcessor.getServiceRegKeyExists]"  nsresult: "0x80004001 (NS_ERROR_NOT_IMPLEMENTED)"  location: "JS frame :: resource://gre/modules/BackgroundUpdate.jsm :: _reasonsToNotScheduleUpdates :: line 241"  data: no]
DevTools listening on ws://localhost:60209/devtools/browser/b4a787fb-04d4-4e31-b2d9-f9c7343d862a
1645580317367	Marionette	INFO	Listening on port 60214
1645580317411	RemoteAgent	WARN	TLS certificate errors will be ignored for this session
1645580494788	Marionette	INFO	Stopped listening on port 60214
JavaScript error: chrome://remote/content/marionette/cert.js, line 55: NS_ERROR_NOT_AVAILABLE: Component returned failure code: 0x80040111 (NS_ERROR_NOT_AVAILABLE) [nsICertOverrideService.setDisableAllSecurityChecksAndLetAttackersInterceptMyData]

###!!! [Parent][PImageBridgeParent] Error: RunMessage(msgname=PImageBridge::Msg_WillClose) Channel closing: too late to send/recv, messages will be lost

1645580606785	geckodriver	INFO	Listening on 127.0.0.1:60378
1645580607304	mozrunner::runner	INFO	Running command: "/Applications/Firefox.app/Contents/MacOS/firefox-bin" "--marionette" "--remote-debugging-port" "60379" "-foreground" "-no-remote" "-profile" "/var/folders/j2/syyvq2tx6lv6t5hy1_8gdp080000gn/T/rust_mozprofilew39LI3"
1645580608067	Marionette	INFO	Marionette enabled
2022-02-23 07:13:28.895 firefox-bin[11409:248074] Warning: Expected min height of view: (<NSButton: 0x1350c3c00>) to be less than or equal to 30 but got a height of 32.000000. This error will be logged once per view in violation.
2022-02-23 07:13:28.895 firefox-bin[11409:248074] Warning: Expected min height of view: (<NSButton: 0x135223000>) to be less than or equal to 30 but got a height of 32.000000. This error will be logged once per view in violation.
2022-02-23 07:13:28.896 firefox-bin[11409:248074] Warning: Expected min height of view: (<NSButton: 0x135229000>) to be less than or equal to 30 but got a height of 32.000000. This error will be logged once per view in violation.
2022-02-23 07:13:28.896 firefox-bin[11409:248074] Warning: Expected min height of view: (<NSButton: 0x135225000>) to be less than or equal to 30 but got a height of 32.000000. This error will be logged once per view in violation.
2022-02-23 07:13:28.897 firefox-bin[11409:248074] Warning: Expected min height of view: (<NSButton: 0x135221400>) to be less than or equal to 30 but got a height of 32.000000. This error will be logged once per view in violation.
2022-02-23 07:13:28.897 firefox-bin[11409:248074] Warning: Expected min height of view: (<NSPopoverTouchBarItemButton: 0x135225c00>) to be less than or equal to 30 but got a height of 32.000000. This error will be logged once per view in violation.
2022-02-23 07:13:28.897 firefox-bin[11409:248074] Warning: Expected min height of view: (<NSPopoverTouchBarItemButton: 0x11ad0d800>) to be less than or equal to 30 but got a height of 32.000000. This error will be logged once per view in violation.
console.warn: SearchSettings: "get: No settings file exists, new profile?" (new NotFoundError("Could not open the file at /var/folders/j2/syyvq2tx6lv6t5hy1_8gdp080000gn/T/rust_mozprofilew39LI3/search.json.mozlz4", (void 0)))
console.error: BackgroundUpdate: 
  _reasonsToNotScheduleUpdates: Failed to check for Maintenance Service Registry Key: [Exception... "Component returned failure code: 0x80004001 (NS_ERROR_NOT_IMPLEMENTED) [nsIUpdateProcessor.getServiceRegKeyExists]"  nsresult: "0x80004001 (NS_ERROR_NOT_IMPLEMENTED)"  location: "JS frame :: resource://gre/modules/BackgroundUpdate.jsm :: _reasonsToNotScheduleUpdates :: line 241"  data: no]
DevTools listening on ws://localhost:60379/devtools/browser/285819f7-11f7-4cef-a90b-224aa23ce9c1
1645580609900	Marionette	INFO	Listening on port 60384
1645580610017	RemoteAgent	WARN	TLS certificate errors will be ignored for this session
1645580622420	Marionette	INFO	Stopped listening on port 60384
JavaScript error: chrome://remote/content/marionette/cert.js, line 55: NS_ERROR_NOT_AVAILABLE: Component returned failure code: 0x80040111 (NS_ERROR_NOT_AVAILABLE) [nsICertOverrideService.setDisableAllSecurityChecksAndLetAttackersInterceptMyData]

###!!! [Parent][PImageBridgeParent] Error: RunMessage(msgname=PImageBridge::Msg_WillClose) Channel closing: too late to send/recv, messages will be lost

